(T) | Epoch=159, loss=6.1069, con=6.4067, intent=-0.9995, this epoch 5.3692, total 924.0958
(T) | Epoch=160, loss=6.1025, con=6.4023, intent=-0.9995, this epoch 5.2276, total 929.3234
(T) | Epoch=161, loss=6.0986, con=6.3984, intent=-0.9995, this epoch 5.2956, total 934.6191
(T) | Epoch=162, loss=6.0912, con=6.3911, intent=-0.9996, this epoch 5.2899, total 939.9090
(T) | Epoch=163, loss=6.0868, con=6.3867, intent=-0.9997, this epoch 5.3602, total 945.2692
(T) | Epoch=164, loss=6.0826, con=6.3826, intent=-0.9998, this epoch 5.3515, total 950.6207
(T) | Epoch=165, loss=6.0864, con=6.3863, intent=-0.9998, this epoch 5.3185, total 955.9392
(T) | Epoch=166, loss=6.0916, con=6.3916, intent=-0.9997, this epoch 5.2540, total 961.1932
(T) | Epoch=167, loss=6.0976, con=6.3975, intent=-0.9997, this epoch 5.3454, total 966.5386
(T) | Epoch=168, loss=6.1012, con=6.4011, intent=-0.9997, this epoch 5.5260, total 972.0646
(T) | Epoch=169, loss=6.1003, con=6.4002, intent=-0.9998, this epoch 5.2206, total 977.2853
(T) | Epoch=170, loss=6.0820, con=6.3819, intent=-0.9998, this epoch 5.2292, total 982.5144
(T) | Epoch=171, loss=6.0785, con=6.3784, intent=-0.9997, this epoch 5.3132, total 987.8276
(T) | Epoch=172, loss=6.0755, con=6.3753, intent=-0.9995, this epoch 5.3467, total 993.1743
(T) | Epoch=173, loss=6.0797, con=6.3795, intent=-0.9994, this epoch 5.3568, total 998.5311
(T) | Epoch=174, loss=6.0839, con=6.3838, intent=-0.9995, this epoch 5.3427, total 1003.8738
(T) | Epoch=175, loss=6.0914, con=6.3913, intent=-0.9996, this epoch 5.3379, total 1009.2117
(T) | Epoch=176, loss=6.0845, con=6.3844, intent=-0.9997, this epoch 5.3722, total 1014.5840
(T) | Epoch=177, loss=6.0705, con=6.3704, intent=-0.9998, this epoch 5.3111, total 1019.8951
(T) | Epoch=178, loss=6.0565, con=6.3564, intent=-0.9997, this epoch 5.3445, total 1025.2396
(T) | Epoch=179, loss=6.0571, con=6.3570, intent=-0.9996, this epoch 5.3298, total 1030.5694
(T) | Epoch=180, loss=6.0648, con=6.3646, intent=-0.9995, this epoch 5.3983, total 1035.9677
(T) | Epoch=181, loss=6.0774, con=6.3773, intent=-0.9996, this epoch 5.3400, total 1041.3077
(T) | Epoch=182, loss=6.0788, con=6.3787, intent=-0.9998, this epoch 5.3146, total 1046.6223
(T) | Epoch=183, loss=6.0723, con=6.3722, intent=-0.9998, this epoch 5.3546, total 1051.9769
(T) | Epoch=184, loss=6.0685, con=6.3684, intent=-0.9998, this epoch 5.3928, total 1057.3697
(T) | Epoch=185, loss=6.0671, con=6.3671, intent=-0.9998, this epoch 5.3036, total 1062.6733
(T) | Epoch=186, loss=6.0603, con=6.3603, intent=-0.9998, this epoch 5.3641, total 1068.0374
(T) | Epoch=187, loss=6.0513, con=6.3513, intent=-0.9998, this epoch 5.3593, total 1073.3968
(T) | Epoch=188, loss=6.0567, con=6.3566, intent=-0.9998, this epoch 5.3313, total 1078.7280
(T) | Epoch=189, loss=6.0607, con=6.3606, intent=-0.9998, this epoch 5.4671, total 1084.1951
(T) | Epoch=190, loss=6.0676, con=6.3675, intent=-0.9998, this epoch 5.3077, total 1089.5028
(T) | Epoch=191, loss=6.0607, con=6.3607, intent=-0.9998, this epoch 5.3336, total 1094.8364
(T) | Epoch=192, loss=6.0489, con=6.3488, intent=-0.9998, this epoch 5.2596, total 1100.0960
(T) | Epoch=193, loss=6.0434, con=6.3433, intent=-0.9997, this epoch 5.3476, total 1105.4436
(T) | Epoch=194, loss=6.0438, con=6.3437, intent=-0.9997, this epoch 5.2830, total 1110.7266
(T) | Epoch=195, loss=6.0522, con=6.3521, intent=-0.9997, this epoch 5.3385, total 1116.0651
(T) | Epoch=196, loss=6.0642, con=6.3641, intent=-0.9998, this epoch 5.3028, total 1121.3679
(T) | Epoch=197, loss=6.0681, con=6.3681, intent=-0.9998, this epoch 5.4014, total 1126.7693
(T) | Epoch=198, loss=6.0596, con=6.3595, intent=-0.9998, this epoch 5.3308, total 1132.1001
(T) | Epoch=199, loss=6.0503, con=6.3502, intent=-0.9998, this epoch 5.3189, total 1137.4190
(T) | Epoch=200, loss=6.0483, con=6.3483, intent=-0.9998, this epoch 5.2919, total 1142.7109
(LR): 100%|████████████████████████████████████████████████████████████████████████████████████████████████████████████████████████████████████████████████████████████████████████████████████████████████████████████████████████████████| 20000/20000 [00:23<00:00, best test ACC=0.837, F1Mi=0.837, F1Ma=0.821]
(LR): 100%|████████████████████████████████████████████████████████████████████████████████████████████████████████████████████████████████████████████████████████████████████████████████████████████████████████████████████████████████| 20000/20000 [00:23<00:00, best test ACC=0.824, F1Mi=0.824, F1Ma=0.812]
(LR): 100%|████████████████████████████████████████████████████████████████████████████████████████████████████████████████████████████████████████████████████████████████████████████████████████████████████████████████████████████████| 20000/20000 [00:30<00:00, best test ACC=0.848, F1Mi=0.848, F1Ma=0.831]
(LR): 100%|████████████████████████████████████████████████████████████████████████████████████████████████████████████████████████████████████████████████████████████████████████████████████████████████████████████████████████████████| 20000/20000 [00:26<00:00, best test ACC=0.848, F1Mi=0.848, F1Ma=0.827]
(LR): 100%|██████████████████████████████████████████████████████████████████████████████████████████████████████████████████████████████████████████████████████████████████████████████████████████████████████████████████████████████████| 20000/20000 [00:25<00:00, best test ACC=0.86, F1Mi=0.86, F1Ma=0.848]
(LR): 100%|█████████████████████████████████████████████████████████████████████████████████████████████████████████████████████████████████████████████████████████████████████████████████████████████████████████████████████████████████| 20000/20000 [00:25<00:00, best test ACC=0.853, F1Mi=0.853, F1Ma=0.84]
(LR): 100%|████████████████████████████████████████████████████████████████████████████████████████████████████████████████████████████████████████████████████████████████████████████████████████████████████████████████████████████████| 20000/20000 [00:26<00:00, best test ACC=0.838, F1Mi=0.838, F1Ma=0.822]
(LR): 100%|████████████████████████████████████████████████████████████████████████████████████████████████████████████████████████████████████████████████████████████████████████████████████████████████████████████████████████████████| 20000/20000 [00:26<00:00, best test ACC=0.862, F1Mi=0.862, F1Ma=0.845]
(LR): 100%|█████████████████████████████████████████████████████████████████████████████████████████████████████████████████████████████████████████████████████████████████████████████████████████████████████████████████████████████████| 20000/20000 [00:26<00:00, best test ACC=0.853, F1Mi=0.853, F1Ma=0.84]
(LR): 100%|████████████████████████████████████████████████████████████████████████████████████████████████████████████████████████████████████████████████████████████████████████████████████████████████████████████████████████████████| 20000/20000 [00:29<00:00, best test ACC=0.851, F1Mi=0.851, F1Ma=0.835]
micro_f1: 0.8474346399307251 std: 0.011563452892005444
macro_f1: 0.8322081565856934 std: 0.011627714149653912
accuracy: 0.8474346399307251 std: 0.011563452892005444
micro_f1: 84.74±1.16, macro_f1: 83.22±1.16, acc: 84.74±1.16