[log] 运行日志写入: log\run_ACM_20260718_071722.log
Using CPU
Using CPU
  [cs_full_graph] ACM: merged ['pap.npz', 'psp.npz'] -> 4359766 directed edges (no sparsify)
[intent] dynamic query-based, dim=256
[encoder] vanilla GCN
[IGQC] 全量图邻接表就绪, lambda=0.5, pos=20 neg=512 B=8 gate=True
Traceback (most recent call last):
  File "D:\论文code\Edge Self-Adversarial Augmentation Enhances Graph Contrastive Learning\EDA-GCL-main\train_ig.py", line 530, in <module>
    loss, _ = contrastive_model.total_loss(
              ^^^^^^^^^^^^^^^^^^^^^^^^^^^^^
  File "D:\论文code\Edge Self-Adversarial Augmentation Enhances Graph Contrastive Learning\EDA-GCL-main\ig_model.py", line 429, in total_loss
    l_contrastive = self.contrastive_loss(z_adv, z_rec)
                    ^^^^^^^^^^^^^^^^^^^^^^^^^^^^^^^^^^^
  File "D:\论文code\Edge Self-Adversarial Augmentation Enhances Graph Contrastive Learning\EDA-GCL-main\ig_model.py", line 328, in contrastive_loss
    l1 = self.semi_loss(h1, h2)
         ^^^^^^^^^^^^^^^^^^^^^^
  File "D:\论文code\Edge Self-Adversarial Augmentation Enhances Graph Contrastive Learning\EDA-GCL-main\ig_model.py", line 319, in semi_loss
    between_sim = f(self.sim(z1, z2))
                    ^^^^^^^^^^^^^^^^
  File "D:\论文code\Edge Self-Adversarial Augmentation Enhances Graph Contrastive Learning\EDA-GCL-main\ig_model.py", line 314, in sim
    return torch.mm(z1, z2.t())
           ^^^^^^^^^^^^^^^^^^^^
KeyboardInterrupt
